<?xml version="1.0" encoding="UTF-8"?>
<!-- Generated by org.testng.reporters.JUnitXMLReporter -->
<testsuite ignored="0" hostname="DESKTOP-3D33GQ4" failures="0" tests="4" name="Test" time="26.323" errors="0" timestamp="2020-11-10T17:14:12 IST">
  <testcase classname="Regression.LoginTest" name="LoginTestcase" time="3.596"/>
  <testcase classname="Regression.LoginTest" name="CompareCostofTwoProduc1t" time="12.976"/>
  <testcase classname="Regression.LoginTest" name="ThirdTest" time="0.002"/>
  <testcase classname="Sanity.CTest" name="thirdTest" time="0.002"/>
</testsuite> <!-- Test -->
