<?xml version="1.0" encoding="UTF-8"?>
<!-- Generated by org.testng.reporters.JUnitXMLReporter -->
<testsuite ignored="0" hostname="DESKTOP-3D33GQ4" failures="0" tests="3" name="Test" time="17.072" errors="0" timestamp="2020-11-04T18:39:44 IST">
  <testcase classname="Regression.LoginTest" name="CompareCostofTwoProduc1t" time="7.802"/>
  <testcase classname="Regression.LoginTest" name="ThirdTest" time="0.001"/>
  <testcase classname="Sanity.CTest" name="thirdTest" time="0.001"/>
</testsuite> <!-- Test -->
