<?xml version="1.0" encoding="UTF-8"?>
<testng-results ignored="0" total="4" passed="4" failed="0" skipped="0">
  <reporter-output>
  </reporter-output>
  <suite started-at="2020-11-10T17:13:46 IST" name="Suite" finished-at="2020-11-10T17:14:12 IST" duration-ms="26323">
    <groups>
    </groups>
    <test started-at="2020-11-10T17:13:46 IST" name="Test" finished-at="2020-11-10T17:14:12 IST" duration-ms="26323">
      <class name="Sanity.CTest">
        <test-method signature="thirdTest()[pri:0, instance:Sanity.CTest@2f177a4b]" started-at="2020-11-10T17:14:12 IST" name="thirdTest" finished-at="2020-11-10T17:14:12 IST" duration-ms="2" status="PASS">
          <reporter-output>
          </reporter-output>
        </test-method> <!-- thirdTest -->
      </class> <!-- Sanity.CTest -->
      <class name="Regression.LoginTest">
        <test-method is-config="true" signature="verifyLogin()[pri:0, instance:Regression.LoginTest@29176cc1]" started-at="2020-11-10T17:13:46 IST" name="verifyLogin" finished-at="2020-11-10T17:13:56 IST" duration-ms="9552" status="PASS">
          <reporter-output>
          </reporter-output>
        </test-method> <!-- verifyLogin -->
        <test-method is-config="true" signature="verifyPropFile()[pri:0, instance:Regression.LoginTest@29176cc1]" started-at="2020-11-10T17:13:56 IST" name="verifyPropFile" finished-at="2020-11-10T17:13:56 IST" duration-ms="1" status="PASS">
          <reporter-output>
          </reporter-output>
        </test-method> <!-- verifyPropFile -->
        <test-method signature="LoginTestcase()[pri:1, instance:Regression.LoginTest@29176cc1]" started-at="2020-11-10T17:13:56 IST" name="LoginTestcase" finished-at="2020-11-10T17:13:59 IST" duration-ms="3596" status="PASS">
          <reporter-output>
          </reporter-output>
        </test-method> <!-- LoginTestcase -->
        <test-method signature="CompareCostofTwoProduc1t()[pri:2, instance:Regression.LoginTest@29176cc1]" started-at="2020-11-10T17:13:59 IST" name="CompareCostofTwoProduc1t" finished-at="2020-11-10T17:14:12 IST" duration-ms="12976" status="PASS">
          <reporter-output>
          </reporter-output>
        </test-method> <!-- CompareCostofTwoProduc1t -->
        <test-method signature="ThirdTest()[pri:3, instance:Regression.LoginTest@29176cc1]" started-at="2020-11-10T17:14:12 IST" name="ThirdTest" finished-at="2020-11-10T17:14:12 IST" duration-ms="2" status="PASS">
          <reporter-output>
          </reporter-output>
        </test-method> <!-- ThirdTest -->
        <test-method is-config="true" signature="closeDriver()[pri:0, instance:Regression.LoginTest@29176cc1]" started-at="2020-11-10T17:14:12 IST" name="closeDriver" finished-at="2020-11-10T17:14:12 IST" duration-ms="109" status="PASS">
          <reporter-output>
          </reporter-output>
        </test-method> <!-- closeDriver -->
      </class> <!-- Regression.LoginTest -->
    </test> <!-- Test -->
  </suite> <!-- Suite -->
</testng-results>
